c:\algorithm\project\ch04_2\ch04_2\ch04_2\x64\debug\vc145.pdb
c:\algorithm\project\ch04_2\ch04_2\ch04_2\x64\debug\vc145.idb
c:\algorithm\project\ch04_2\ch04_2\ch04_2\x64\debug\linkedlist.obj
c:\algorithm\project\ch04_2\ch04_2\ch04_2\x64\debug\ex4_2.obj
c:\algorithm\project\ch04_2\ch04_2\x64\debug\ch04_2.exe
c:\algorithm\project\ch04_2\ch04_2\x64\debug\ch04_2.pdb
c:\algorithm\project\ch04_2\ch04_2\ch04_2\x64\debug\ch04_2.ilk
c:\algorithmb\project\ch04_2\ch04_2\ch04_2\x64\debug\ex4_2.obj
c:\algorithmb\project\ch04_2\ch04_2\ch04_2\x64\debug\linkedlist.obj
c:\algorithmb\project\ch04_2\ch04_2\ch04_2\x64\debug\ch04_2.ilk
c:\algorithmb\project\ch04_2\ch04_2\ch04_2\x64\debug\vc145.idb
c:\algorithmb\project\ch04_2\ch04_2\ch04_2\x64\debug\vc145.pdb
c:\algorithmb\project\ch04_2\ch04_2\x64\debug\ch04_2.pdb
c:\algorithmb\project\ch04_2\ch04_2\x64\debug\ch04_2.exe
c:\algorithmb\project\ch04_2\ch04_2\ch04_2\x64\debug\ch04_2.tlog\cl.command.1.tlog
c:\algorithmb\project\ch04_2\ch04_2\ch04_2\x64\debug\ch04_2.tlog\cl.items.tlog
c:\algorithmb\project\ch04_2\ch04_2\ch04_2\x64\debug\ch04_2.tlog\cl.read.1.tlog
c:\algorithmb\project\ch04_2\ch04_2\ch04_2\x64\debug\ch04_2.tlog\cl.write.1.tlog
c:\algorithmb\project\ch04_2\ch04_2\ch04_2\x64\debug\ch04_2.tlog\link.command.1.tlog
c:\algorithmb\project\ch04_2\ch04_2\ch04_2\x64\debug\ch04_2.tlog\link.read.1.tlog
c:\algorithmb\project\ch04_2\ch04_2\ch04_2\x64\debug\ch04_2.tlog\link.secondary.1.tlog
c:\algorithmb\project\ch04_2\ch04_2\ch04_2\x64\debug\ch04_2.tlog\link.write.1.tlog
