c:\algorithmb\project\insertlinkedlist0325\insertlinkedlist0325\x64\debug\vc145.pdb
c:\algorithmb\project\insertlinkedlist0325\insertlinkedlist0325\x64\debug\vc145.idb
c:\algorithmb\project\insertlinkedlist0325\insertlinkedlist0325\x64\debug\insertlinkedmain.obj
c:\algorithmb\project\insertlinkedlist0325\insertlinkedlist0325\x64\debug\insertlinkedlist.obj
c:\algorithmb\project\insertlinkedlist0325\x64\debug\insertlinkedlist0325.exe
c:\algorithmb\project\insertlinkedlist0325\x64\debug\insertlinkedlist0325.pdb
c:\algorithmb\project\insertlinkedlist0325\insertlinkedlist0325\x64\debug\insertlinkedlist0325.ilk
c:\algorithmb\project\insertlinkedlist0401\insertlinkedlist0325\insertlinkedlist0325\x64\debug\insertlinkedlist.obj
c:\algorithmb\project\insertlinkedlist0401\insertlinkedlist0325\insertlinkedlist0325\x64\debug\insertlinkedmain.obj
c:\algorithmb\project\insertlinkedlist0401\insertlinkedlist0325\insertlinkedlist0325\x64\debug\insertlinkedlist0325.ilk
c:\algorithmb\project\insertlinkedlist0401\insertlinkedlist0325\insertlinkedlist0325\x64\debug\vc145.idb
c:\algorithmb\project\insertlinkedlist0401\insertlinkedlist0325\insertlinkedlist0325\x64\debug\vc145.pdb
c:\algorithmb\project\insertlinkedlist0401\insertlinkedlist0325\x64\debug\insertlinkedlist0325.pdb
c:\algorithmb\project\insertlinkedlist0401\insertlinkedlist0325\x64\debug\insertlinkedlist0325.exe
c:\algorithmb\project\insertlinkedlist0401\insertlinkedlist0325\insertlinkedlist0325\x64\debug\insertli.389434c5.tlog\cl.command.1.tlog
c:\algorithmb\project\insertlinkedlist0401\insertlinkedlist0325\insertlinkedlist0325\x64\debug\insertli.389434c5.tlog\cl.items.tlog
c:\algorithmb\project\insertlinkedlist0401\insertlinkedlist0325\insertlinkedlist0325\x64\debug\insertli.389434c5.tlog\cl.read.1.tlog
c:\algorithmb\project\insertlinkedlist0401\insertlinkedlist0325\insertlinkedlist0325\x64\debug\insertli.389434c5.tlog\cl.write.1.tlog
c:\algorithmb\project\insertlinkedlist0401\insertlinkedlist0325\insertlinkedlist0325\x64\debug\insertli.389434c5.tlog\link.command.1.tlog
c:\algorithmb\project\insertlinkedlist0401\insertlinkedlist0325\insertlinkedlist0325\x64\debug\insertli.389434c5.tlog\link.read.1.tlog
c:\algorithmb\project\insertlinkedlist0401\insertlinkedlist0325\insertlinkedlist0325\x64\debug\insertli.389434c5.tlog\link.secondary.1.tlog
c:\algorithmb\project\insertlinkedlist0401\insertlinkedlist0325\insertlinkedlist0325\x64\debug\insertli.389434c5.tlog\link.write.1.tlog
